# JRE version: Java(TM) SE Runtime Environment (8.0_31-b13) (build 1.8.0_31-b13)
# Java VM: Java HotSpot(TM) 64-Bit Server VM (25.31-b07 mixed mode windows-amd64 compressed oops)
Heap:
 PSYoungGen      total 305152K, used 189774K [0x00000000eab00000, 0x0000000100000000, 0x0000000100000000)
  eden space 266240K, 59% used [0x00000000eab00000,0x00000000f46a26b0,0x00000000faf00000)
  from space 38912K, 78% used [0x00000000faf00000,0x00000000fccb12e0,0x00000000fd500000)
  to   space 41984K, 0% used [0x00000000fd700000,0x00000000fd700000,0x0000000100000000)
 ParOldGen       total 179200K, used 76689K [0x00000000c0000000, 0x00000000caf00000, 0x00000000eab00000)
  object space 179200K, 42% used [0x00000000c0000000,0x00000000c4ae4768,0x00000000caf00000)
 Metaspace       used 67177K, capacity 69766K, committed 70016K, reserved 1110016K
  class space    used 9068K, capacity 9747K, committed 9856K, reserved 1048576K
GC Heap History (10 events):
Event: 188.175 GC heap before
{Heap before GC invocations=18 (full 4):
 PSYoungGen      total 303104K, used 30919K [0x00000000eab00000, 0x0000000100000000, 0x0000000100000000)
  eden space 265216K, 0% used [0x00000000eab00000,0x00000000eab00000,0x00000000fae00000)
  from space 37888K, 81% used [0x00000000fdb00000,0x00000000ff931d70,0x0000000100000000)
  to   space 41984K, 0% used [0x00000000fae00000,0x00000000fae00000,0x00000000fd700000)
 ParOldGen       total 96256K, used 59494K [0x00000000c0000000, 0x00000000c5e00000, 0x00000000eab00000)
  object space 96256K, 61% used [0x00000000c0000000,0x00000000c3a19928,0x00000000c5e00000)
 Metaspace       used 59626K, capacity 61718K, committed 61868K, reserved 1101824K
  class space    used 8121K, capacity 8600K, committed 8704K, reserved 1048576K
Event: 188.593 GC heap after
Heap after GC invocations=18 (full 4):
 PSYoungGen      total 303104K, used 0K [0x00000000eab00000, 0x0000000100000000, 0x0000000100000000)
  eden space 265216K, 0% used [0x00000000eab00000,0x00000000eab00000,0x00000000fae00000)
  from space 37888K, 0% used [0x00000000fdb00000,0x00000000fdb00000,0x0000000100000000)
  to   space 41984K, 0% used [0x00000000fae00000,0x00000000fae00000,0x00000000fd700000)
 ParOldGen       total 179200K, used 75914K [0x00000000c0000000, 0x00000000caf00000, 0x00000000eab00000)
  object space 179200K, 42% used [0x00000000c0000000,0x00000000c4a22b80,0x00000000caf00000)
 Metaspace       used 59595K, capacity 61682K, committed 61868K, reserved 1101824K
  class space    used 8111K, capacity 8588K, committed 8704K, reserved 1048576K
}
Event: 191.155 GC heap before
{Heap before GC invocations=19 (full 4):
 PSYoungGen      total 303104K, used 70845K [0x00000000eab00000, 0x0000000100000000, 0x0000000100000000)
  eden space 265216K, 26% used [0x00000000eab00000,0x00000000ef02f7c8,0x00000000fae00000)
  from space 37888K, 0% used [0x00000000fdb00000,0x00000000fdb00000,0x0000000100000000)
  to   space 41984K, 0% used [0x00000000fae00000,0x00000000fae00000,0x00000000fd700000)
 ParOldGen       total 179200K, used 75914K [0x00000000c0000000, 0x00000000caf00000, 0x00000000eab00000)
  object space 179200K, 42% used [0x00000000c0000000,0x00000000c4a22b80,0x00000000caf00000)
 Metaspace       used 61240K, capacity 63660K, committed 63744K, reserved 1103872K
  class space    used 8364K, capacity 8920K, committed 8960K, reserved 1048576K
Event: 191.167 GC heap after
Heap after GC invocations=19 (full 4):
 PSYoungGen      total 307200K, used 7195K [0x00000000eab00000, 0x0000000100000000, 0x0000000100000000)
  eden space 265216K, 0% used [0x00000000eab00000,0x00000000eab00000,0x00000000fae00000)
  from space 41984K, 17% used [0x00000000fae00000,0x00000000fb506ef0,0x00000000fd700000)
  to   space 40960K, 0% used [0x00000000fd800000,0x00000000fd800000,0x0000000100000000)
 ParOldGen       total 179200K, used 75922K [0x00000000c0000000, 0x00000000caf00000, 0x00000000eab00000)
  object space 179200K, 42% used [0x00000000c0000000,0x00000000c4a24b80,0x00000000caf00000)
 Metaspace       used 61240K, capacity 63660K, committed 63744K, reserved 1103872K
  class space    used 8364K, capacity 8920K, committed 8960K, reserved 1048576K
}
Event: 191.167 GC heap before
{Heap before GC invocations=20 (full 5):
 PSYoungGen      total 307200K, used 7195K [0x00000000eab00000, 0x0000000100000000, 0x0000000100000000)
  eden space 265216K, 0% used [0x00000000eab00000,0x00000000eab00000,0x00000000fae00000)
  from space 41984K, 17% used [0x00000000fae00000,0x00000000fb506ef0,0x00000000fd700000)
  to   space 40960K, 0% used [0x00000000fd800000,0x00000000fd800000,0x0000000100000000)
 ParOldGen       total 179200K, used 75922K [0x00000000c0000000, 0x00000000caf00000, 0x00000000eab00000)
  object space 179200K, 42% used [0x00000000c0000000,0x00000000c4a24b80,0x00000000caf00000)
 Metaspace       used 61240K, capacity 63660K, committed 63744K, reserved 1103872K
  class space    used 8364K, capacity 8920K, committed 8960K, reserved 1048576K
Event: 191.790 GC heap after
Heap after GC invocations=20 (full 5):
 PSYoungGen      total 307200K, used 0K [0x00000000eab00000, 0x0000000100000000, 0x0000000100000000)
  eden space 265216K, 0% used [0x00000000eab00000,0x00000000eab00000,0x00000000fae00000)
  from space 41984K, 0% used [0x00000000fae00000,0x00000000fae00000,0x00000000fd700000)
  to   space 40960K, 0% used [0x00000000fd800000,0x00000000fd800000,0x0000000100000000)
 ParOldGen       total 179200K, used 76673K [0x00000000c0000000, 0x00000000caf00000, 0x00000000eab00000)
  object space 179200K, 42% used [0x00000000c0000000,0x00000000c4ae0768,0x00000000caf00000)
 Metaspace       used 61240K, capacity 63660K, committed 63744K, reserved 1103872K
  class space    used 8364K, capacity 8920K, committed 8960K, reserved 1048576K
}
Event: 213.351 GC heap before
{Heap before GC invocations=21 (full 5):
 PSYoungGen      total 307200K, used 265216K [0x00000000eab00000, 0x0000000100000000, 0x0000000100000000)
  eden space 265216K, 100% used [0x00000000eab00000,0x00000000fae00000,0x00000000fae00000)
  from space 41984K, 0% used [0x00000000fae00000,0x00000000fae00000,0x00000000fd700000)
  to   space 40960K, 0% used [0x00000000fd800000,0x00000000fd800000,0x0000000100000000)
 ParOldGen       total 179200K, used 76673K [0x00000000c0000000, 0x00000000caf00000, 0x00000000eab00000)
  object space 179200K, 42% used [0x00000000c0000000,0x00000000c4ae0768,0x00000000caf00000)
 Metaspace       used 61539K, capacity 63954K, committed 64000K, reserved 1103872K
  class space    used 8379K, capacity 8941K, committed 8960K, reserved 1048576K
Event: 213.362 GC heap after
Heap after GC invocations=21 (full 5):
 PSYoungGen      total 302080K, used 16655K [0x00000000eab00000, 0x00000000ffb00000, 0x0000000100000000)
  eden space 266240K, 0% used [0x00000000eab00000,0x00000000eab00000,0x00000000faf00000)
  from space 35840K, 46% used [0x00000000fd800000,0x00000000fe843d10,0x00000000ffb00000)
  to   space 38912K, 0% used [0x00000000faf00000,0x00000000faf00000,0x00000000fd500000)
 ParOldGen       total 179200K, used 76681K [0x00000000c0000000, 0x00000000caf00000, 0x00000000eab00000)
  object space 179200K, 42% used [0x00000000c0000000,0x00000000c4ae2768,0x00000000caf00000)
 Metaspace       used 61539K, capacity 63954K, committed 64000K, reserved 1103872K
  class space    used 8379K, capacity 8941K, committed 8960K, reserved 1048576K
}
Event: 240.477 GC heap before
{Heap before GC invocations=22 (full 5):
 PSYoungGen      total 302080K, used 282895K [0x00000000eab00000, 0x00000000ffb00000, 0x0000000100000000)
  eden space 266240K, 100% used [0x00000000eab00000,0x00000000faf00000,0x00000000faf00000)
  from space 35840K, 46% used [0x00000000fd800000,0x00000000fe843d10,0x00000000ffb00000)
  to   space 38912K, 0% used [0x00000000faf00000,0x00000000faf00000,0x00000000fd500000)
 ParOldGen       total 179200K, used 76681K [0x00000000c0000000, 0x00000000caf00000, 0x00000000eab00000)
  object space 179200K, 42% used [0x00000000c0000000,0x00000000c4ae2768,0x00000000caf00000)
 Metaspace       used 64613K, capacity 67204K, committed 67456K, reserved 1107968K
  class space    used 8785K, capacity 9490K, committed 9600K, reserved 1048576K
Event: 240.502 GC heap after
Heap after GC invocations=22 (full 5):
 PSYoungGen      total 305152K, used 30404K [0x00000000eab00000, 0x0000000100000000, 0x0000000100000000)
  eden space 266240K, 0% used [0x00000000eab00000,0x00000000eab00000,0x00000000faf00000)
  from space 38912K, 78% used [0x00000000faf00000,0x00000000fccb12e0,0x00000000fd500000)
  to   space 41984K, 0% used [0x00000000fd700000,0x00000000fd700000,0x0000000100000000)
 ParOldGen       total 179200K, used 76689K [0x00000000c0000000, 0x00000000caf00000, 0x00000000eab00000)
  object space 179200K, 42% used [0x00000000c0000000,0x00000000c4ae4768,0x00000000caf00000)
 Metaspace       used 64613K, capacity 67204K, committed 67456K, reserved 1107968K
  class space    used 8785K, capacity 9490K, committed 9600K, reserved 1048576K
}

